<?xml version="1.0" encoding="UTF-8"?>
<!-- Generated by org.testng.reporters.JUnitReportReporter -->
<testsuite skipped="0" hostname="CPX-2W850TC8EOZ" name="TestGreeting" tests="1" failures="0" timestamp="24 Apr 2018 08:46:00 GMT" time="8.632" errors="0">
  <testcase name="Test1" time="8.632" classname="TestGreeting"/>
</testsuite> <!-- TestGreeting -->
